TESTRESULTS.log: FAILED (1.500769108268E+01; expected 1d7h-dmso/apbs-mol.in; 1400.769% error)
TESTRESULTS.log: FAILED (1.624455262583E+01; expected 1d7h-dmso/apbs-smol.in; 1524.455% error)
